Start testing: Mar 07 20:44 EST
----------------------------------------------------------
1/4 Testing: lex_hello
1/4 Test: lex_hello
Command: "/home/curless/workspace/pl11/build-llvm/pl11c" "--lex" "/home/curless/workspace/pl11/tests/hello.pl11"
Directory: /home/curless/workspace/pl11/build-llvm
"lex_hello" start time: Mar 07 20:44 EST
Output:
----------------------------------------------------------
6:1	TOK_BEGIN	'BEGIN'
7:5	TOK_WORD	'WORD'
7:10	TOK_IDENTIFIER	'X'
7:11	TOK_COMMA	','
7:13	TOK_IDENTIFIER	'Y'
7:14	TOK_COMMA	','
7:16	TOK_IDENTIFIER	'SUM'
7:19	TOK_SEMI	';'
9:5	TOK_IDENTIFIER	'X'
9:9	TOK_ASSIGN	':='
9:12	TOK_INTEGER_LIT	'10'
9:14	TOK_SEMI	';'
10:5	TOK_IDENTIFIER	'Y'
10:9	TOK_ASSIGN	':='
10:12	TOK_INTEGER_LIT	'32'
10:14	TOK_SEMI	';'
11:5	TOK_IDENTIFIER	'SUM'
11:9	TOK_ASSIGN	':='
11:12	TOK_IDENTIFIER	'X'
11:14	TOK_PLUS	'+'
11:16	TOK_IDENTIFIER	'Y'
14:1	TOK_END	'END'
15:1	TOK_EOF	'<EOF>'
<end of output>
Test time =   0.02 sec
----------------------------------------------------------
Test Passed.
"lex_hello" end time: Mar 07 20:44 EST
"lex_hello" time elapsed: 00:00:00
----------------------------------------------------------

2/4 Testing: parse_hello
2/4 Test: parse_hello
Command: "/home/curless/workspace/pl11/build-llvm/pl11c" "--parse" "/home/curless/workspace/pl11/tests/hello.pl11"
Directory: /home/curless/workspace/pl11/build-llvm
"parse_hello" start time: Mar 07 20:44 EST
Output:
----------------------------------------------------------
Parse successful. Program block has 3 declaration(s) and 3 statement(s).
<end of output>
Test time =   0.01 sec
----------------------------------------------------------
Test Passed.
"parse_hello" end time: Mar 07 20:44 EST
"parse_hello" time elapsed: 00:00:00
----------------------------------------------------------

3/4 Testing: sema_hello
3/4 Test: sema_hello
Command: "/home/curless/workspace/pl11/build-llvm/pl11c" "--sema" "/home/curless/workspace/pl11/tests/hello.pl11"
Directory: /home/curless/workspace/pl11/build-llvm
"sema_hello" start time: Mar 07 20:44 EST
Output:
----------------------------------------------------------
Semantic analysis passed.
<end of output>
Test time =   0.01 sec
----------------------------------------------------------
Test Passed.
"sema_hello" end time: Mar 07 20:44 EST
"sema_hello" time elapsed: 00:00:00
----------------------------------------------------------

4/4 Testing: emit_llvm_hello
4/4 Test: emit_llvm_hello
Command: "/home/curless/workspace/pl11/build-llvm/pl11c" "--emit-llvm" "/home/curless/workspace/pl11/tests/hello.pl11"
Directory: /home/curless/workspace/pl11/build-llvm
"emit_llvm_hello" start time: Mar 07 20:44 EST
Output:
----------------------------------------------------------
; ModuleID = '/home/curless/workspace/pl11/tests/hello.pl11'
source_filename = "/home/curless/workspace/pl11/tests/hello.pl11"

define i32 @main() {
entry:
  %SUM = alloca i16, align 2
  %Y = alloca i16, align 2
  %X = alloca i16, align 2
  store i16 10, ptr %X, align 2
  store i16 32, ptr %Y, align 2
  %X1 = load i16, ptr %X, align 2
  %Y2 = load i16, ptr %Y, align 2
  %add = add i16 %X1, %Y2
  store i16 %add, ptr %SUM, align 2
  ret i32 0
}
<end of output>
Test time =   0.02 sec
----------------------------------------------------------
Test Passed.
"emit_llvm_hello" end time: Mar 07 20:44 EST
"emit_llvm_hello" time elapsed: 00:00:00
----------------------------------------------------------

End testing: Mar 07 20:44 EST
