Start testing: Mar 07 18:25 EST
----------------------------------------------------------
1/3 Testing: lex_hello
1/3 Test: lex_hello
Command: "/home/curless/workspace/pl11/build/pl11c" "--lex" "/home/curless/workspace/pl11/tests/hello.pl11"
Directory: /home/curless/workspace/pl11/build
"lex_hello" start time: Mar 07 18:25 EST
Output:
----------------------------------------------------------
6:1	TOK_BEGIN	'BEGIN'
7:5	TOK_INTEGER	'INTEGER'
7:13	TOK_IDENTIFIER	'X'
7:14	TOK_COMMA	','
7:16	TOK_IDENTIFIER	'Y'
7:17	TOK_COMMA	','
7:19	TOK_IDENTIFIER	'SUM'
7:22	TOK_SEMI	';'
9:5	TOK_IDENTIFIER	'X'
9:9	TOK_ASSIGN	':='
9:12	TOK_INTEGER_LIT	'10'
9:14	TOK_SEMI	';'
10:5	TOK_IDENTIFIER	'Y'
10:9	TOK_ASSIGN	':='
10:12	TOK_INTEGER_LIT	'32'
10:14	TOK_SEMI	';'
11:5	TOK_IDENTIFIER	'SUM'
11:9	TOK_ASSIGN	':='
11:12	TOK_IDENTIFIER	'X'
11:14	TOK_PLUS	'+'
11:16	TOK_IDENTIFIER	'Y'
14:1	TOK_END	'END'
15:1	TOK_EOF	'<EOF>'
<end of output>
Test time =   0.00 sec
----------------------------------------------------------
Test Passed.
"lex_hello" end time: Mar 07 18:25 EST
"lex_hello" time elapsed: 00:00:00
----------------------------------------------------------

2/3 Testing: parse_hello
2/3 Test: parse_hello
Command: "/home/curless/workspace/pl11/build/pl11c" "--parse" "/home/curless/workspace/pl11/tests/hello.pl11"
Directory: /home/curless/workspace/pl11/build
"parse_hello" start time: Mar 07 18:25 EST
Output:
----------------------------------------------------------
Parse successful. Program block has 3 declaration(s) and 3 statement(s).
<end of output>
Test time =   0.00 sec
----------------------------------------------------------
Test Passed.
"parse_hello" end time: Mar 07 18:25 EST
"parse_hello" time elapsed: 00:00:00
----------------------------------------------------------

3/3 Testing: sema_hello
3/3 Test: sema_hello
Command: "/home/curless/workspace/pl11/build/pl11c" "--sema" "/home/curless/workspace/pl11/tests/hello.pl11"
Directory: /home/curless/workspace/pl11/build
"sema_hello" start time: Mar 07 18:25 EST
Output:
----------------------------------------------------------
Semantic analysis passed.
<end of output>
Test time =   0.00 sec
----------------------------------------------------------
Test Passed.
"sema_hello" end time: Mar 07 18:25 EST
"sema_hello" time elapsed: 00:00:00
----------------------------------------------------------

End testing: Mar 07 18:25 EST
